<?xml version="1.0" encoding="UTF-8"?>
<!-- Generated by org.testng.reporters.JUnitReportReporter -->
<testsuite hostname="LAPTOP-0EQA0QS8" failures="0" tests="1" name="EntrataAssess.TwoTest" time="7.620" errors="0" timestamp="2024-03-05T15:13:31 GMT+05:30" skipped="0">
  <testcase classname="EntrataAssess.TwoTest" name="ProductsIsVisible" time="7.620"/>
</testsuite> <!-- EntrataAssess.TwoTest -->
