<?xml version="1.0" encoding="UTF-8"?>
<!-- Generated by org.testng.reporters.JUnitReportReporter -->
<testsuite hostname="LAPTOP-0EQA0QS8" failures="0" tests="3" name="EntrataAssess.TestOneTest" time="33.511" errors="0" timestamp="2024-03-05T15:13:31 GMT+05:30" skipped="0">
  <testcase classname="EntrataAssess.TestOneTest" name="SignIn" time="13.370"/>
  <testcase classname="EntrataAssess.TestOneTest" name="testHomePageFunction" time="7.409"/>
  <testcase classname="EntrataAssess.TestOneTest" name="DemoForm" time="12.732"/>
</testsuite> <!-- EntrataAssess.TestOneTest -->
