<?xml version="1.0" encoding="UTF-8"?>
<!-- Generated by org.testng.reporters.JUnitReportReporter -->
<testsuite hostname="LAPTOP-0EQA0QS8" failures="0" tests="3" name="EntrataAssess.TestOneTest" time="27.106" errors="0" timestamp="2024-03-04T16:26:45 GMT+05:30" skipped="0">
  <testcase classname="EntrataAssess.TestOneTest" name="testHomePageFunction" time="7.531"/>
  <testcase classname="EntrataAssess.TestOneTest" name="SignIn" time="7.349"/>
  <testcase classname="EntrataAssess.TestOneTest" name="DemoForm" time="12.226"/>
</testsuite> <!-- EntrataAssess.TestOneTest -->
